#
# There is insufficient memory for the Java Runtime Environment to continue.
# Native memory allocation (malloc) failed to allocate 887936 bytes. Error detail: Chunk::new
# Possible reasons:
#   The system is out of physical RAM or swap space
#   This process is running with CompressedOops enabled, and the Java Heap may be blocking the growth of the native heap
# Possible solutions:
#   Reduce memory load on the system
#   Increase physical memory or swap space
#   Check if swap backing store is full
#   Decrease Java heap size (-Xmx/-Xms)
#   Decrease number of Java threads
#   Decrease Java thread stack sizes (-Xss)
#   Set larger code cache with -XX:ReservedCodeCacheSize=
#   JVM is running with Unscaled Compressed Oops mode in which the Java heap is
#     placed in the first 4GB address space. The Java Heap base address is the
#     maximum limit for the native heap growth. Please use -XX:HeapBaseMinAddress
#     to set the Java Heap base and to place the Java Heap above 4GB virtual address.
# This output file may be truncated or incomplete.
#
#  Out of Memory Error (arena.cpp:149), pid=2816, tid=2676
#
# JRE version: OpenJDK Runtime Environment Temurin-23.0.1+11 (23.0.1+11) (build 23.0.1+11)
# Java VM: OpenJDK 64-Bit Server VM Temurin-23.0.1+11 (23.0.1+11, mixed mode, sharing, tiered, compressed oops, compressed class ptrs, g1 gc, windows-amd64)
# No core dump will be written. Minidumps are not enabled by default on client versions of Windows
#

---------------  S U M M A R Y ------------

Command Line: -Dfile.encoding=UTF-8 -Dstdout.encoding=UTF-8 -Dstderr.encoding=UTF-8 -XX:+ShowCodeDetailsInExceptionMessages com.example.jobportal.JobportalApplication

Host: AMD PRO A4-3350B APU with Radeon R4 Graphics   , 4 cores, 3G,  Windows 10 , 64 bit Build 17763 (10.0.17763.1)
Time: Wed Jun 24 11:49:08 2026 India Standard Time elapsed time: 38.302822 seconds (0d 0h 0m 38s)

---------------  T H R E A D  ---------------

Current thread (0x0000024983146c50):  JavaThread "C2 CompilerThread0" daemon [_thread_in_native, id=2676, stack(0x000000b036800000,0x000000b036900000) (1024K)]


Current CompileTask:
C2:38303 6945       4       org.springframework.aop.support.annotation.AnnotationMethodMatcher::matches (44 bytes)

Stack: [0x000000b036800000,0x000000b036900000]
Native frames: (J=compiled Java code, j=interpreted, Vv=VM code, C=native code)
V  [jvm.dll+0x6e8c79]  (no source info available)
V  [jvm.dll+0x8d9253]  (no source info available)
V  [jvm.dll+0x8db6de]  (no source info available)
V  [jvm.dll+0x8dbdb3]  (no source info available)
V  [jvm.dll+0x281aa6]  (no source info available)
V  [jvm.dll+0xbbb0f]  (no source info available)
V  [jvm.dll+0xbbd6b]  (no source info available)
V  [jvm.dll+0x2f54ed]  (no source info available)
V  [jvm.dll+0x60c829]  (no source info available)
V  [jvm.dll+0x2541f2]  (no source info available)
V  [jvm.dll+0x2545d5]  (no source info available)
V  [jvm.dll+0x24cd94]  (no source info available)
V  [jvm.dll+0x249f44]  (no source info available)
V  [jvm.dll+0x1c8ea0]  (no source info available)
V  [jvm.dll+0x25a13e]  (no source info available)
V  [jvm.dll+0x25840a]  (no source info available)
V  [jvm.dll+0x3f4706]  (no source info available)
V  [jvm.dll+0x8802ab]  (no source info available)
V  [jvm.dll+0x6e7485]  (no source info available)
C  [ucrtbase.dll+0x203ba]  (no source info available)
C  [KERNEL32.DLL+0x17e94]  (no source info available)
C  [ntdll.dll+0x67ad1]  (no source info available)

Lock stack of current Java thread (top to bottom):


---------------  P R O C E S S  ---------------

Threads class SMR info:
_java_thread_list=0x0000024989942570, length=18, elements={
0x000002492bd2f300, 0x0000024983133e70, 0x0000024983135950, 0x000002498313a440,
0x000002498313aea0, 0x000002498313c910, 0x000002498313d370, 0x0000024983146c50,
0x000002498315e350, 0x00000249832abd10, 0x00000249832b7560, 0x0000024983b63c70,
0x0000024983b6e860, 0x000002498979c410, 0x000002498978baa0, 0x0000024983c4e200,
0x0000024983c4fc40, 0x0000024983c502d0
}

Java Threads: ( => current thread )
  0x000002492bd2f300 JavaThread "main"                              [_thread_blocked, id=12296, stack(0x000000b035900000,0x000000b035a00000) (1024K)]
  0x0000024983133e70 JavaThread "Reference Handler"          daemon [_thread_blocked, id=11700, stack(0x000000b036200000,0x000000b036300000) (1024K)]
  0x0000024983135950 JavaThread "Finalizer"                  daemon [_thread_blocked, id=7856, stack(0x000000b036300000,0x000000b036400000) (1024K)]
  0x000002498313a440 JavaThread "Signal Dispatcher"          daemon [_thread_blocked, id=5112, stack(0x000000b036400000,0x000000b036500000) (1024K)]
  0x000002498313aea0 JavaThread "Attach Listener"            daemon [_thread_blocked, id=10020, stack(0x000000b036500000,0x000000b036600000) (1024K)]
  0x000002498313c910 JavaThread "Service Thread"             daemon [_thread_blocked, id=5656, stack(0x000000b036600000,0x000000b036700000) (1024K)]
  0x000002498313d370 JavaThread "Monitor Deflation Thread"   daemon [_thread_blocked, id=6928, stack(0x000000b036700000,0x000000b036800000) (1024K)]
=>0x0000024983146c50 JavaThread "C2 CompilerThread0"         daemon [_thread_in_native, id=2676, stack(0x000000b036800000,0x000000b036900000) (1024K)]
  0x000002498315e350 JavaThread "C1 CompilerThread0"         daemon [_thread_blocked, id=6492, stack(0x000000b036900000,0x000000b036a00000) (1024K)]
  0x00000249832abd10 JavaThread "Notification Thread"        daemon [_thread_blocked, id=8888, stack(0x000000b036a00000,0x000000b036b00000) (1024K)]
  0x00000249832b7560 JavaThread "Common-Cleaner"             daemon [_thread_blocked, id=12976, stack(0x000000b036b00000,0x000000b036c00000) (1024K)]
  0x0000024983b63c70 JavaThread "Thread-0"                          [_thread_blocked, id=11972, stack(0x000000b036f00000,0x000000b037000000) (1024K)]
  0x0000024983b6e860 JavaThread "restartedMain"                     [_thread_in_vm, id=9824, stack(0x000000b037000000,0x000000b037100000) (1024K)] _threads_hazard_ptr=0x0000024989942570
  0x000002498979c410 JavaThread "mysql-cj-abandoned-connection-cleanup" daemon [_thread_blocked, id=7448, stack(0x000000b037100000,0x000000b037200000) (1024K)]
  0x000002498978baa0 JavaThread "HikariPool-1:housekeeper"   daemon [_thread_blocked, id=4680, stack(0x000000b037300000,0x000000b037400000) (1024K)]
  0x0000024983c4e200 JavaThread "Catalina-utility-1"                [_thread_blocked, id=7596, stack(0x000000b037400000,0x000000b037500000) (1024K)]
  0x0000024983c4fc40 JavaThread "Catalina-utility-2"                [_thread_in_vm, id=8696, stack(0x000000b037500000,0x000000b037600000) (1024K)]
  0x0000024983c502d0 JavaThread "container-0"                       [_thread_blocked, id=3972, stack(0x000000b037600000,0x000000b037700000) (1024K)]
Total: 18

Other Threads:
  0x000002492bdee170 VMThread "VM Thread"                           [id=196, stack(0x000000b036100000,0x000000b036200000) (1024K)]
  0x000002498311db60 WatcherThread "VM Periodic Task Thread"        [id=7052, stack(0x000000b036000000,0x000000b036100000) (1024K)]
  0x000002492bd69e20 WorkerThread "GC Thread#0"                     [id=5508, stack(0x000000b035b00000,0x000000b035c00000) (1024K)]
  0x00000249882adf00 WorkerThread "GC Thread#1"                     [id=12196, stack(0x000000b036c00000,0x000000b036d00000) (1024K)]
  0x0000024983e816f0 WorkerThread "GC Thread#2"                     [id=9716, stack(0x000000b036d00000,0x000000b036e00000) (1024K)]
  0x0000024983e81ea0 WorkerThread "GC Thread#3"                     [id=13084, stack(0x000000b036e00000,0x000000b036f00000) (1024K)]
  0x000002492bd73840 ConcurrentGCThread "G1 Main Marker"            [id=13080, stack(0x000000b035c00000,0x000000b035d00000) (1024K)]
  0x000002492bd74260 WorkerThread "G1 Conc#0"                       [id=12808, stack(0x000000b035d00000,0x000000b035e00000) (1024K)]
  0x000002492bdce490 ConcurrentGCThread "G1 Refine#0"               [id=6088, stack(0x000000b035e00000,0x000000b035f00000) (1024K)]
  0x000002492bdcef20 ConcurrentGCThread "G1 Service"                [id=9048, stack(0x000000b035f00000,0x000000b036000000) (1024K)]
Total: 10

Threads with active compile tasks:
C2 CompilerThread0  38431 6945       4       org.springframework.aop.support.annotation.AnnotationMethodMatcher::matches (44 bytes)
Total: 1

VM state: not at safepoint (normal execution)

VM Mutex/Monitor currently owned by a thread: None

Heap address: 0x00000000c8800000, size: 888 MB, Compressed Oops mode: 32-bit

CDS archive(s) mapped at: [0x0000024942000000-0x0000024942d70000-0x0000024942d70000), size 14090240, SharedBaseAddress: 0x0000024942000000, ArchiveRelocationMode: 1.
Compressed class space mapped at: 0x0000024943000000-0x0000024983000000, reserved size: 1073741824
Narrow klass base: 0x0000024942000000, Narrow klass shift: 0, Narrow klass range: 0x41000000

GC Precious Log:
 CardTable entry size: 512
 Card Set container configuration: InlinePtr #cards 5 size 8 Array Of Cards #cards 10 size 36 Howl #buckets 4 coarsen threshold 1843 Howl Bitmap #cards 512 size 80 coarsen threshold 460 Card regions per heap region 1 cards per card region 2048
 CPUs: 4 total, 4 available
 Memory: 3548M
 Large Page Support: Disabled
 NUMA Support: Disabled
 Compressed Oops: Enabled (32-bit)
 Heap Region Size: 1M
 Heap Min Capacity: 8M
 Heap Initial Capacity: 56M
 Heap Max Capacity: 888M
 Pre-touch: Disabled
 Parallel Workers: 4
 Concurrent Workers: 1
 Concurrent Refinement Workers: 4
 Periodic GC: Disabled

Heap:
 garbage-first heap   total reserved 909312K, committed 56320K, used 37858K [0x00000000c8800000, 0x0000000100000000)
  region size 1024K, 8 young (8192K), 2 survivors (2048K)
 Metaspace       used 70498K, committed 71168K, reserved 1114112K
  class space    used 9715K, committed 9984K, reserved 1048576K

Heap Regions: E=young(eden), S=young(survivor), O=old, HS=humongous(starts), HC=humongous(continues), CS=collection set, F=free, TAMS=top-at-mark-start, PB=parsable bottom
|   0|0x00000000c8800000, 0x00000000c8900000, 0x00000000c8900000|100%|HS|  |TAMS 0x00000000c8800000| PB 0x00000000c8800000| Complete |  0
|   1|0x00000000c8900000, 0x00000000c8a00000, 0x00000000c8a00000|100%|HS|  |TAMS 0x00000000c8900000| PB 0x00000000c8900000| Complete |  0
|   2|0x00000000c8a00000, 0x00000000c8b00000, 0x00000000c8b00000|100%| O|  |TAMS 0x00000000c8a00000| PB 0x00000000c8a00000| Untracked |  0
|   3|0x00000000c8b00000, 0x00000000c8c00000, 0x00000000c8c00000|100%| O|  |TAMS 0x00000000c8b00000| PB 0x00000000c8b00000| Untracked |  0
|   4|0x00000000c8c00000, 0x00000000c8d00000, 0x00000000c8d00000|100%| O|  |TAMS 0x00000000c8c00000| PB 0x00000000c8c00000| Untracked |  0
|   5|0x00000000c8d00000, 0x00000000c8e00000, 0x00000000c8e00000|100%| O|  |TAMS 0x00000000c8d00000| PB 0x00000000c8d00000| Untracked |  0
|   6|0x00000000c8e00000, 0x00000000c8f00000, 0x00000000c8f00000|100%| O|  |TAMS 0x00000000c8e00000| PB 0x00000000c8e00000| Untracked |  0
|   7|0x00000000c8f00000, 0x00000000c9000000, 0x00000000c9000000|100%| O|  |TAMS 0x00000000c8f00000| PB 0x00000000c8f00000| Untracked |  0
|   8|0x00000000c9000000, 0x00000000c9100000, 0x00000000c9100000|100%| O|  |TAMS 0x00000000c9000000| PB 0x00000000c9000000| Untracked |  0
|   9|0x00000000c9100000, 0x00000000c9200000, 0x00000000c9200000|100%| O|  |TAMS 0x00000000c9100000| PB 0x00000000c9100000| Untracked |  0
|  10|0x00000000c9200000, 0x00000000c9300000, 0x00000000c9300000|100%| O|  |TAMS 0x00000000c9200000| PB 0x00000000c9200000| Untracked |  0
|  11|0x00000000c9300000, 0x00000000c9400000, 0x00000000c9400000|100%| O|  |TAMS 0x00000000c9300000| PB 0x00000000c9300000| Untracked |  0
|  12|0x00000000c9400000, 0x00000000c9500000, 0x00000000c9500000|100%| O|  |TAMS 0x00000000c9400000| PB 0x00000000c9400000| Untracked |  0
|  13|0x00000000c9500000, 0x00000000c9600000, 0x00000000c9600000|100%| O|  |TAMS 0x00000000c9500000| PB 0x00000000c9500000| Untracked |  0
|  14|0x00000000c9600000, 0x00000000c9700000, 0x00000000c9700000|100%| O|  |TAMS 0x00000000c9600000| PB 0x00000000c9600000| Untracked |  0
|  15|0x00000000c9700000, 0x00000000c9800000, 0x00000000c9800000|100%| O|  |TAMS 0x00000000c9700000| PB 0x00000000c9700000| Untracked |  0
|  16|0x00000000c9800000, 0x00000000c9900000, 0x00000000c9900000|100%| O|  |TAMS 0x00000000c9800000| PB 0x00000000c9800000| Untracked |  0
|  17|0x00000000c9900000, 0x00000000c99d5448, 0x00000000c9a00000| 83%| O|  |TAMS 0x00000000c9900000| PB 0x00000000c9900000| Untracked |  0
|  18|0x00000000c9a00000, 0x00000000c9b00000, 0x00000000c9b00000|100%| O|  |TAMS 0x00000000c9a00000| PB 0x00000000c9a00000| Untracked |  0
|  19|0x00000000c9b00000, 0x00000000c9c00000, 0x00000000c9c00000|100%| O|Cm|TAMS 0x00000000c9b00000| PB 0x00000000c9b00000| Complete |  0
|  20|0x00000000c9c00000, 0x00000000c9d00000, 0x00000000c9d00000|100%| O|  |TAMS 0x00000000c9c00000| PB 0x00000000c9c00000| Untracked |  0
|  21|0x00000000c9d00000, 0x00000000c9e00000, 0x00000000c9e00000|100%| O|  |TAMS 0x00000000c9d00000| PB 0x00000000c9d00000| Untracked |  0
|  22|0x00000000c9e00000, 0x00000000c9f00000, 0x00000000c9f00000|100%| O|  |TAMS 0x00000000c9e00000| PB 0x00000000c9e00000| Untracked |  0
|  23|0x00000000c9f00000, 0x00000000ca000000, 0x00000000ca000000|100%| O|  |TAMS 0x00000000c9f00000| PB 0x00000000c9f00000| Untracked |  0
|  24|0x00000000ca000000, 0x00000000ca100000, 0x00000000ca100000|100%| O|  |TAMS 0x00000000ca000000| PB 0x00000000ca000000| Untracked |  0
|  25|0x00000000ca100000, 0x00000000ca200000, 0x00000000ca200000|100%| O|  |TAMS 0x00000000ca100000| PB 0x00000000ca100000| Untracked |  0
|  26|0x00000000ca200000, 0x00000000ca300000, 0x00000000ca300000|100%| O|  |TAMS 0x00000000ca200000| PB 0x00000000ca200000| Untracked |  0
|  27|0x00000000ca300000, 0x00000000ca400000, 0x00000000ca400000|100%| O|  |TAMS 0x00000000ca300000| PB 0x00000000ca300000| Untracked |  0
|  28|0x00000000ca400000, 0x00000000ca500000, 0x00000000ca500000|100%| O|  |TAMS 0x00000000ca400000| PB 0x00000000ca400000| Untracked |  0
|  29|0x00000000ca500000, 0x00000000ca600000, 0x00000000ca600000|100%| O|  |TAMS 0x00000000ca500000| PB 0x00000000ca500000| Untracked |  0
|  30|0x00000000ca600000, 0x00000000ca700000, 0x00000000ca700000|100%| O|  |TAMS 0x00000000ca600000| PB 0x00000000ca600000| Untracked |  0
|  31|0x00000000ca700000, 0x00000000ca700000, 0x00000000ca800000|  0%| F|  |TAMS 0x00000000ca700000| PB 0x00000000ca700000| Untracked |  0
|  32|0x00000000ca800000, 0x00000000ca800000, 0x00000000ca900000|  0%| F|  |TAMS 0x00000000ca800000| PB 0x00000000ca800000| Untracked |  0
|  33|0x00000000ca900000, 0x00000000ca900000, 0x00000000caa00000|  0%| F|  |TAMS 0x00000000ca900000| PB 0x00000000ca900000| Untracked |  0
|  34|0x00000000caa00000, 0x00000000caa23570, 0x00000000cab00000| 13%| S|CS|TAMS 0x00000000caa00000| PB 0x00000000caa00000| Complete |  0
|  35|0x00000000cab00000, 0x00000000cac00000, 0x00000000cac00000|100%| S|CS|TAMS 0x00000000cab00000| PB 0x00000000cab00000| Complete |  0
|  36|0x00000000cac00000, 0x00000000cac00000, 0x00000000cad00000|  0%| F|  |TAMS 0x00000000cac00000| PB 0x00000000cac00000| Untracked |  0
|  37|0x00000000cad00000, 0x00000000cad00000, 0x00000000cae00000|  0%| F|  |TAMS 0x00000000cad00000| PB 0x00000000cad00000| Untracked |  0
|  38|0x00000000cae00000, 0x00000000cae00000, 0x00000000caf00000|  0%| F|  |TAMS 0x00000000cae00000| PB 0x00000000cae00000| Untracked |  0
|  39|0x00000000caf00000, 0x00000000caf00000, 0x00000000cb000000|  0%| F|  |TAMS 0x00000000caf00000| PB 0x00000000caf00000| Untracked |  0
|  40|0x00000000cb000000, 0x00000000cb000000, 0x00000000cb100000|  0%| F|  |TAMS 0x00000000cb000000| PB 0x00000000cb000000| Untracked |  0
|  41|0x00000000cb100000, 0x00000000cb100000, 0x00000000cb200000|  0%| F|  |TAMS 0x00000000cb100000| PB 0x00000000cb100000| Untracked |  0
|  42|0x00000000cb200000, 0x00000000cb200000, 0x00000000cb300000|  0%| F|  |TAMS 0x00000000cb200000| PB 0x00000000cb200000| Untracked |  0
|  43|0x00000000cb300000, 0x00000000cb300000, 0x00000000cb400000|  0%| F|  |TAMS 0x00000000cb300000| PB 0x00000000cb300000| Untracked |  0
|  44|0x00000000cb400000, 0x00000000cb400000, 0x00000000cb500000|  0%| F|  |TAMS 0x00000000cb400000| PB 0x00000000cb400000| Untracked |  0
|  45|0x00000000cb500000, 0x00000000cb500000, 0x00000000cb600000|  0%| F|  |TAMS 0x00000000cb500000| PB 0x00000000cb500000| Untracked |  0
|  46|0x00000000cb600000, 0x00000000cb600000, 0x00000000cb700000|  0%| F|  |TAMS 0x00000000cb600000| PB 0x00000000cb600000| Untracked |  0
|  47|0x00000000cb700000, 0x00000000cb700000, 0x00000000cb800000|  0%| F|  |TAMS 0x00000000cb700000| PB 0x00000000cb700000| Untracked |  0
|  48|0x00000000cb800000, 0x00000000cb800000, 0x00000000cb900000|  0%| F|  |TAMS 0x00000000cb800000| PB 0x00000000cb800000| Untracked |  0
|  49|0x00000000cb900000, 0x00000000cb916ef0, 0x00000000cba00000|  8%| E|  |TAMS 0x00000000cb900000| PB 0x00000000cb900000| Complete |  0
|  50|0x00000000cba00000, 0x00000000cbb00000, 0x00000000cbb00000|100%| E|CS|TAMS 0x00000000cba00000| PB 0x00000000cba00000| Complete |  1
|  51|0x00000000cbb00000, 0x00000000cbc00000, 0x00000000cbc00000|100%| E|CS|TAMS 0x00000000cbb00000| PB 0x00000000cbb00000| Complete |  0
|  52|0x00000000cbc00000, 0x00000000cbd00000, 0x00000000cbd00000|100%| E|CS|TAMS 0x00000000cbc00000| PB 0x00000000cbc00000| Complete |  0
|  53|0x00000000cbd00000, 0x00000000cbe00000, 0x00000000cbe00000|100%| E|CS|TAMS 0x00000000cbd00000| PB 0x00000000cbd00000| Complete |  0
|  55|0x00000000cbf00000, 0x00000000cc000000, 0x00000000cc000000|100%| E|CS|TAMS 0x00000000cbf00000| PB 0x00000000cbf00000| Complete |  0

Card table byte_map: [0x000002493ebd0000,0x000002493ed90000] _byte_map_base: 0x000002493e58c000

Marking Bits: (CMBitMap*) 0x000002492bd6a440
 Bits: [0x000002493ed90000, 0x000002493fb70000)

Polling page: 0x0000024929a70000

Metaspace:

Usage:
  Non-class:     59.36 MB used.
      Class:      9.49 MB used.
       Both:     68.85 MB used.

Virtual space:
  Non-class space:       64.00 MB reserved,      59.75 MB ( 93%) committed,  1 nodes.
      Class space:        1.00 GB reserved,       9.75 MB ( <1%) committed,  1 nodes.
             Both:        1.06 GB reserved,      69.50 MB (  6%) committed. 

Chunk freelists:
   Non-Class:  4.05 MB
       Class:  6.13 MB
        Both:  10.17 MB

MaxMetaspaceSize: unlimited
CompressedClassSpaceSize: 1.00 GB
Initial GC threshold: 21.00 MB
Current GC threshold: 115.56 MB
CDS: on
 - commit_granule_bytes: 65536.
 - commit_granule_words: 8192.
 - virtual_space_node_default_size: 8388608.
 - enlarge_chunks_in_place: 1.
 - use_allocation_guard: 0.


Internal statistics:

num_allocs_failed_limit: 6.
num_arena_births: 860.
num_arena_deaths: 0.
num_vsnodes_births: 2.
num_vsnodes_deaths: 0.
num_space_committed: 1112.
num_space_uncommitted: 0.
num_chunks_returned_to_freelist: 6.
num_chunks_taken_from_freelist: 3281.
num_chunk_merges: 6.
num_chunk_splits: 2359.
num_chunks_enlarged: 1841.
num_inconsistent_stats: 0.

CodeHeap 'non-profiled nmethods': size=120064Kb used=2325Kb max_used=2342Kb free=117739Kb
 bounds [0x0000024937690000, 0x0000024937900000, 0x000002493ebd0000]
CodeHeap 'profiled nmethods': size=120000Kb used=8758Kb max_used=9101Kb free=111241Kb
 bounds [0x000002492fbd0000, 0x00000249304c0000, 0x0000024937100000]
CodeHeap 'non-nmethods': size=5696Kb used=1701Kb max_used=1741Kb free=3994Kb
 bounds [0x0000024937100000, 0x0000024937370000, 0x0000024937690000]
CodeCache: size=245760Kb, used=12784Kb, max_used=13184Kb, free=232974Kb
 total_blobs=6845, nmethods=6101, adapters=650, full_count=0
Compilation: enabled, stopped_count=0, restarted_count=0

Compilation events (20 events):
Event: 38.046 Thread 0x000002498315e350 7141       2       org.springframework.aop.support.AopUtils::canApply (7 bytes)
Event: 38.047 Thread 0x000002498315e350 nmethod 7141 0x000002492fbf7188 code [0x000002492fbf72a0, 0x000002492fbf73a8]
Event: 38.047 Thread 0x000002498315e350 7142       2       org.springframework.beans.factory.support.AbstractBeanFactory::containsBean (72 bytes)
Event: 38.050 Thread 0x000002498315e350 nmethod 7142 0x000002493006ec08 code [0x000002493006ede0, 0x000002493006f590]
Event: 38.054 Thread 0x000002498315e350 7143       1       java.lang.invoke.MethodHandleImpl$IntrinsicMethodHandle::intrinsicName (5 bytes)
Event: 38.055 Thread 0x000002498315e350 nmethod 7143 0x0000024937762f88 code [0x00000249377630a0, 0x0000024937763168]
Event: 38.068 Thread 0x000002498315e350 7144       3       org.springframework.util.ReflectionUtils::getAllDeclaredMethods (38 bytes)
Event: 38.069 Thread 0x000002498315e350 nmethod 7144 0x000002492ffc4088 code [0x000002492ffc4240, 0x000002492ffc4a08]
Event: 38.074 Thread 0x000002498315e350 7145       1       org.springframework.dao.annotation.PersistenceExceptionTranslationAdvisor::getPointcut (5 bytes)
Event: 38.075 Thread 0x000002498315e350 nmethod 7145 0x00000249377b6988 code [0x00000249377b6aa0, 0x00000249377b6b68]
Event: 38.134 Thread 0x000002498315e350 7150       3       org.springframework.core.annotation.TypeMappedAnnotations$IsPresent::doWithAnnotations (183 bytes)
Event: 38.137 Thread 0x000002498315e350 nmethod 7150 0x000002492fcbfe88 code [0x000002492fcc0120, 0x000002492fcc1300]
Event: 38.137 Thread 0x000002498315e350 7151       3       org.springframework.core.annotation.AnnotationsScanner::isOverride (49 bytes)
Event: 38.138 Thread 0x000002498315e350 nmethod 7151 0x000002492fda0788 code [0x000002492fda08e0, 0x000002492fda0cf0]
Event: 38.237 Thread 0x000002498315e350 7152       2       org.springframework.beans.factory.support.DefaultListableBeanFactory::findAnnotationOnBean (8 bytes)
Event: 38.237 Thread 0x000002498315e350 nmethod 7152 0x000002492fc90808 code [0x000002492fc90920, 0x000002492fc90a50]
Event: 38.241 Thread 0x000002498315e350 7153       2       java.lang.Class::copyFields (36 bytes)
Event: 38.242 Thread 0x000002498315e350 nmethod 7153 0x000002492fc67d08 code [0x000002492fc67e80, 0x000002492fc68388]
Event: 38.254 Thread 0x000002498315e350 7154       1       org.springframework.boot.context.properties.ConfigurationPropertiesBinder$ConfigurationPropertiesBinderFactory::getObjectType (3 bytes)
Event: 38.254 Thread 0x000002498315e350 nmethod 7154 0x0000024937858088 code [0x00000249378581a0, 0x0000024937858270]

GC Heap History (20 events):
Event: 18.213 GC heap before
{Heap before GC invocations=10 (full 0):
 garbage-first heap   total reserved 909312K, committed 51200K, used 31342K [0x00000000c8800000, 0x0000000100000000)
  region size 1024K, 12 young (12288K), 3 survivors (3072K)
 Metaspace       used 35449K, committed 35968K, reserved 1114112K
  class space    used 4688K, committed 4928K, reserved 1048576K
}
Event: 18.222 GC heap after
{Heap after GC invocations=11 (full 0):
 garbage-first heap   total reserved 909312K, committed 51200K, used 23780K [0x00000000c8800000, 0x0000000100000000)
  region size 1024K, 1 young (1024K), 1 survivors (1024K)
 Metaspace       used 35449K, committed 35968K, reserved 1114112K
  class space    used 4688K, committed 4928K, reserved 1048576K
}
Event: 20.302 GC heap before
{Heap before GC invocations=12 (full 0):
 garbage-first heap   total reserved 909312K, committed 51200K, used 44260K [0x00000000c8800000, 0x0000000100000000)
  region size 1024K, 21 young (21504K), 1 survivors (1024K)
 Metaspace       used 40568K, committed 41152K, reserved 1114112K
  class space    used 5482K, committed 5696K, reserved 1048576K
}
Event: 20.309 GC heap after
{Heap after GC invocations=13 (full 0):
 garbage-first heap   total reserved 909312K, committed 51200K, used 24863K [0x00000000c8800000, 0x0000000100000000)
  region size 1024K, 3 young (3072K), 3 survivors (3072K)
 Metaspace       used 40568K, committed 41152K, reserved 1114112K
  class space    used 5482K, committed 5696K, reserved 1048576K
}
Event: 22.700 GC heap before
{Heap before GC invocations=13 (full 0):
 garbage-first heap   total reserved 909312K, committed 51200K, used 42271K [0x00000000c8800000, 0x0000000100000000)
  region size 1024K, 21 young (21504K), 3 survivors (3072K)
 Metaspace       used 49073K, committed 49600K, reserved 1114112K
  class space    used 6557K, committed 6784K, reserved 1048576K
}
Event: 22.713 GC heap after
{Heap after GC invocations=14 (full 0):
 garbage-first heap   total reserved 909312K, committed 51200K, used 26788K [0x00000000c8800000, 0x0000000100000000)
  region size 1024K, 3 young (3072K), 3 survivors (3072K)
 Metaspace       used 49073K, committed 49600K, reserved 1114112K
  class space    used 6557K, committed 6784K, reserved 1048576K
}
Event: 24.587 GC heap before
{Heap before GC invocations=14 (full 0):
 garbage-first heap   total reserved 909312K, committed 51200K, used 44196K [0x00000000c8800000, 0x0000000100000000)
  region size 1024K, 20 young (20480K), 3 survivors (3072K)
 Metaspace       used 53107K, committed 53568K, reserved 1114112K
  class space    used 7106K, committed 7296K, reserved 1048576K
}
Event: 24.601 GC heap after
{Heap after GC invocations=15 (full 0):
 garbage-first heap   total reserved 909312K, committed 51200K, used 28398K [0x00000000c8800000, 0x0000000100000000)
  region size 1024K, 2 young (2048K), 2 survivors (2048K)
 Metaspace       used 53107K, committed 53568K, reserved 1114112K
  class space    used 7106K, committed 7296K, reserved 1048576K
}
Event: 26.889 GC heap before
{Heap before GC invocations=16 (full 0):
 garbage-first heap   total reserved 909312K, committed 51200K, used 43758K [0x00000000c8800000, 0x0000000100000000)
  region size 1024K, 18 young (18432K), 2 survivors (2048K)
 Metaspace       used 57058K, committed 57600K, reserved 1114112K
  class space    used 7574K, committed 7808K, reserved 1048576K
}
Event: 26.894 GC heap after
{Heap after GC invocations=17 (full 0):
 garbage-first heap   total reserved 909312K, committed 51200K, used 29033K [0x00000000c8800000, 0x0000000100000000)
  region size 1024K, 2 young (2048K), 2 survivors (2048K)
 Metaspace       used 57058K, committed 57600K, reserved 1114112K
  class space    used 7574K, committed 7808K, reserved 1048576K
}
Event: 28.863 GC heap before
{Heap before GC invocations=17 (full 0):
 garbage-first heap   total reserved 909312K, committed 51200K, used 44393K [0x00000000c8800000, 0x0000000100000000)
  region size 1024K, 18 young (18432K), 2 survivors (2048K)
 Metaspace       used 61783K, committed 62400K, reserved 1114112K
  class space    used 8439K, committed 8704K, reserved 1048576K
}
Event: 28.871 GC heap after
{Heap after GC invocations=18 (full 0):
 garbage-first heap   total reserved 909312K, committed 51200K, used 28767K [0x00000000c8800000, 0x0000000100000000)
  region size 1024K, 2 young (2048K), 2 survivors (2048K)
 Metaspace       used 61783K, committed 62400K, reserved 1114112K
  class space    used 8439K, committed 8704K, reserved 1048576K
}
Event: 30.463 GC heap before
{Heap before GC invocations=18 (full 0):
 garbage-first heap   total reserved 909312K, committed 51200K, used 44127K [0x00000000c8800000, 0x0000000100000000)
  region size 1024K, 18 young (18432K), 2 survivors (2048K)
 Metaspace       used 65182K, committed 65792K, reserved 1114112K
  class space    used 8902K, committed 9216K, reserved 1048576K
}
Event: 30.469 GC heap after
{Heap after GC invocations=19 (full 0):
 garbage-first heap   total reserved 909312K, committed 51200K, used 29576K [0x00000000c8800000, 0x0000000100000000)
  region size 1024K, 3 young (3072K), 3 survivors (3072K)
 Metaspace       used 65182K, committed 65792K, reserved 1114112K
  class space    used 8902K, committed 9216K, reserved 1048576K
}
Event: 31.961 GC heap before
{Heap before GC invocations=20 (full 0):
 garbage-first heap   total reserved 909312K, committed 51200K, used 43912K [0x00000000c8800000, 0x0000000100000000)
  region size 1024K, 17 young (17408K), 3 survivors (3072K)
 Metaspace       used 67986K, committed 68544K, reserved 1114112K
  class space    used 9346K, committed 9600K, reserved 1048576K
}
Event: 31.970 GC heap after
{Heap after GC invocations=21 (full 0):
 garbage-first heap   total reserved 909312K, committed 51200K, used 30787K [0x00000000c8800000, 0x0000000100000000)
  region size 1024K, 3 young (3072K), 3 survivors (3072K)
 Metaspace       used 67986K, committed 68544K, reserved 1114112K
  class space    used 9346K, committed 9600K, reserved 1048576K
}
Event: 36.479 GC heap before
{Heap before GC invocations=21 (full 0):
 garbage-first heap   total reserved 909312K, committed 51200K, used 44099K [0x00000000c8800000, 0x0000000100000000)
  region size 1024K, 16 young (16384K), 3 survivors (3072K)
 Metaspace       used 68957K, committed 69568K, reserved 1114112K
  class space    used 9485K, committed 9728K, reserved 1048576K
}
Event: 36.489 GC heap after
{Heap after GC invocations=22 (full 0):
 garbage-first heap   total reserved 909312K, committed 51200K, used 31577K [0x00000000c8800000, 0x0000000100000000)
  region size 1024K, 2 young (2048K), 2 survivors (2048K)
 Metaspace       used 68957K, committed 69568K, reserved 1114112K
  class space    used 9485K, committed 9728K, reserved 1048576K
}
Event: 37.873 GC heap before
{Heap before GC invocations=22 (full 0):
 garbage-first heap   total reserved 909312K, committed 51200K, used 44889K [0x00000000c8800000, 0x0000000100000000)
  region size 1024K, 15 young (15360K), 2 survivors (2048K)
 Metaspace       used 69977K, committed 70656K, reserved 1114112K
  class space    used 9620K, committed 9920K, reserved 1048576K
}
Event: 37.879 GC heap after
{Heap after GC invocations=23 (full 0):
 garbage-first heap   total reserved 909312K, committed 51200K, used 32738K [0x00000000c8800000, 0x0000000100000000)
  region size 1024K, 2 young (2048K), 2 survivors (2048K)
 Metaspace       used 69977K, committed 70656K, reserved 1114112K
  class space    used 9620K, committed 9920K, reserved 1048576K
}

Dll operation events (11 events):
Event: 0.042 Loaded shared library C:\Users\Lenovo\.p2\pool\plugins\org.eclipse.justj.openjdk.hotspot.jre.full.win32.x86_64_23.0.1.v20241024-1700\jre\bin\java.dll
Event: 0.548 Loaded shared library C:\Users\Lenovo\.p2\pool\plugins\org.eclipse.justj.openjdk.hotspot.jre.full.win32.x86_64_23.0.1.v20241024-1700\jre\bin\zip.dll
Event: 0.575 Loaded shared library C:\Users\Lenovo\.p2\pool\plugins\org.eclipse.justj.openjdk.hotspot.jre.full.win32.x86_64_23.0.1.v20241024-1700\jre\bin\net.dll
Event: 0.584 Loaded shared library C:\Users\Lenovo\.p2\pool\plugins\org.eclipse.justj.openjdk.hotspot.jre.full.win32.x86_64_23.0.1.v20241024-1700\jre\bin\nio.dll
Event: 0.594 Loaded shared library C:\Users\Lenovo\.p2\pool\plugins\org.eclipse.justj.openjdk.hotspot.jre.full.win32.x86_64_23.0.1.v20241024-1700\jre\bin\zip.dll
Event: 1.091 Loaded shared library C:\Users\Lenovo\.p2\pool\plugins\org.eclipse.justj.openjdk.hotspot.jre.full.win32.x86_64_23.0.1.v20241024-1700\jre\bin\jimage.dll
Event: 3.303 Loaded shared library C:\Users\Lenovo\.p2\pool\plugins\org.eclipse.justj.openjdk.hotspot.jre.full.win32.x86_64_23.0.1.v20241024-1700\jre\bin\management.dll
Event: 3.344 Loaded shared library C:\Users\Lenovo\.p2\pool\plugins\org.eclipse.justj.openjdk.hotspot.jre.full.win32.x86_64_23.0.1.v20241024-1700\jre\bin\management_ext.dll
Event: 9.880 Loaded shared library C:\Users\Lenovo\.p2\pool\plugins\org.eclipse.justj.openjdk.hotspot.jre.full.win32.x86_64_23.0.1.v20241024-1700\jre\bin\sunmscapi.dll
Event: 19.992 Loaded shared library C:\Users\Lenovo\.p2\pool\plugins\org.eclipse.justj.openjdk.hotspot.jre.full.win32.x86_64_23.0.1.v20241024-1700\jre\bin\verify.dll
Event: 21.495 Loaded shared library C:\Users\Lenovo\.p2\pool\plugins\org.eclipse.justj.openjdk.hotspot.jre.full.win32.x86_64_23.0.1.v20241024-1700\jre\bin\extnet.dll

Deoptimization events (20 events):
Event: 37.378 Thread 0x0000024983b6e860 Uncommon trap: trap_request=0xffffffde fr.pc=0x00000249378078fc relative=0x000000000000177c
Event: 37.378 Thread 0x0000024983b6e860 Uncommon trap: reason=class_check action=maybe_recompile pc=0x00000249378078fc method=org.springframework.core.annotation.TypeMappedAnnotations$IsPresent.doWithAnnotations(Ljava/lang/Object;ILjava/lang/Object;[Ljava/lang/annotation/Annotation;)Ljava/lang/
Event: 37.378 Thread 0x0000024983b6e860 DEOPT PACKING pc=0x00000249378078fc sp=0x000000b0370f8480
Event: 37.378 Thread 0x0000024983b6e860 DEOPT UNPACKING pc=0x0000024937154402 sp=0x000000b0370f8428 mode 2
Event: 37.785 Thread 0x0000024983b6e860 Uncommon trap: trap_request=0xffffff45 fr.pc=0x0000024937777430 relative=0x00000000000001f0
Event: 37.785 Thread 0x0000024983b6e860 Uncommon trap: reason=unstable_if action=reinterpret pc=0x0000024937777430 method=org.springframework.boot.context.properties.source.ConfigurationPropertyName$ElementsParser.isAlpha(C)Z @ 9 c2
Event: 37.785 Thread 0x0000024983b6e860 DEOPT PACKING pc=0x0000024937777430 sp=0x000000b0370f88d0
Event: 37.785 Thread 0x0000024983b6e860 DEOPT UNPACKING pc=0x0000024937154402 sp=0x000000b0370f8790 mode 2
Event: 38.120 Thread 0x0000024983b6e860 Uncommon trap: trap_request=0xffffffde fr.pc=0x000002493787616c relative=0x000000000000014c
Event: 38.120 Thread 0x0000024983b6e860 Uncommon trap: reason=class_check action=maybe_recompile pc=0x000002493787616c method=java.lang.reflect.Method.equals(Ljava/lang/Object;)Z @ 1 c2
Event: 38.120 Thread 0x0000024983b6e860 DEOPT PACKING pc=0x000002493787616c sp=0x000000b0370fa960
Event: 38.120 Thread 0x0000024983b6e860 DEOPT UNPACKING pc=0x0000024937154402 sp=0x000000b0370fa8e8 mode 2
Event: 38.120 Thread 0x0000024983b6e860 Uncommon trap: trap_request=0xffffffde fr.pc=0x000002493787616c relative=0x000000000000014c
Event: 38.120 Thread 0x0000024983b6e860 Uncommon trap: reason=class_check action=maybe_recompile pc=0x000002493787616c method=java.lang.reflect.Method.equals(Ljava/lang/Object;)Z @ 1 c2
Event: 38.120 Thread 0x0000024983b6e860 DEOPT PACKING pc=0x000002493787616c sp=0x000000b0370fa960
Event: 38.120 Thread 0x0000024983b6e860 DEOPT UNPACKING pc=0x0000024937154402 sp=0x000000b0370fa8e8 mode 2
Event: 38.129 Thread 0x0000024983b6e860 Uncommon trap: trap_request=0xffffff45 fr.pc=0x0000024937807d64 relative=0x0000000000001be4
Event: 38.129 Thread 0x0000024983b6e860 Uncommon trap: reason=unstable_if action=reinterpret pc=0x0000024937807d64 method=org.springframework.core.annotation.TypeMappedAnnotations$IsPresent.doWithAnnotations(Ljava/lang/Object;ILjava/lang/Object;[Ljava/lang/annotation/Annotation;)Ljava/lang/Bool
Event: 38.129 Thread 0x0000024983b6e860 DEOPT PACKING pc=0x0000024937807d64 sp=0x000000b0370fb480
Event: 38.129 Thread 0x0000024983b6e860 DEOPT UNPACKING pc=0x0000024937154402 sp=0x000000b0370fb430 mode 2

Classes loaded (20 events):
Event: 32.665 Loading class java/util/stream/SortedOps$SizedRefSortingSink
Event: 32.665 Loading class java/util/stream/SortedOps$SizedRefSortingSink done
Event: 32.754 Loading class javax/net/ssl/SSLException
Event: 32.754 Loading class javax/net/ssl/SSLException done
Event: 32.932 Loading class java/nio/channels/CompletionHandler
Event: 32.933 Loading class java/nio/channels/CompletionHandler done
Event: 34.909 Loading class java/lang/invoke/MethodHandleImpl$CountingWrapper$1
Event: 34.910 Loading class java/lang/invoke/MethodHandleImpl$CountingWrapper$1 done
Event: 35.066 Loading class sun/reflect/ReflectionFactory
Event: 35.068 Loading class sun/reflect/ReflectionFactory done
Event: 35.068 Loading class sun/reflect/ReflectionFactory$1
Event: 35.068 Loading class sun/reflect/ReflectionFactory$1 done
Event: 35.069 Loading class java/io/OptionalDataException
Event: 35.069 Loading class java/io/OptionalDataException done
Event: 37.070 Loading class java/time/DurationEditor
Event: 37.070 Loading class java/time/DurationEditor done
Event: 37.451 Loading class java/util/Collections$SynchronizedRandomAccessList
Event: 37.456 Loading class java/util/Collections$SynchronizedList
Event: 37.457 Loading class java/util/Collections$SynchronizedList done
Event: 37.457 Loading class java/util/Collections$SynchronizedRandomAccessList done

Classes unloaded (0 events):
No events

Classes redefined (0 events):
No events

Internal exceptions (20 events):
Event: 29.373 Thread 0x0000024983b6e860 Exception <a 'java/lang/NoSuchMethodError'{0x00000000cb4858c8}: 'int java.lang.invoke.DirectMethodHandle$Holder.invokeStatic(java.lang.Object, int, java.lang.Object)'> (0x00000000cb4858c8) 
thrown [s\src\hotspot\share\interpreter\linkResolver.cpp, line 796]
Event: 29.383 Thread 0x0000024983b6e860 Exception <a 'java/lang/NoSuchMethodError'{0x00000000cb4a41f0}: 'java.lang.Object java.lang.invoke.DirectMethodHandle$Holder.newInvokeSpecial(java.lang.Object, java.lang.Object, java.lang.Object, java.lang.Object, java.lang.Object, int, java.lang.Object)'> (0x00000000cb4a41f0) 
thrown [s\src\hotspot\share\interpreter\linkResolver.cpp, line 796]
Event: 29.401 Thread 0x0000024983b6e860 Exception <a 'java/lang/NoSuchMethodError'{0x00000000cb4d6070}: 'java.lang.Object java.lang.invoke.Invokers$Holder.linkToTargetMethod(java.lang.Object, java.lang.Object, java.lang.Object, java.lang.Object, java.lang.Object, java.lang.Object, java.lang.Object, java.lang.Object, java.lang.Object, java.lang.Object, java.lang.Object, java.lang.Object)'> (0x00000000cb4d6070) 
thrown [s\src\hotspot\share\interpreter\linkResolver.cpp, line 796]
Event: 29.531 Thread 0x0000024983b6e860 Exception <a 'java/lang/IncompatibleClassChangeError'{0x00000000cb25f848}: Found class java.lang.Object, but interface was expected> (0x00000000cb25f848) 
thrown [s\src\hotspot\share\interpreter\linkResolver.cpp, line 863]
Event: 29.569 Thread 0x0000024983b6e860 Exception <a 'java/lang/NoSuchMethodError'{0x00000000cb2d7e88}: 'java.lang.Object java.lang.invoke.DirectMethodHandle$Holder.newInvokeSpecial(java.lang.Object, java.lang.Object, java.lang.Object, java.lang.Object, java.lang.Object, java.lang.Object, java.lang.Object, int)'> (0x00000000cb2d7e88) 
thrown [s\src\hotspot\share\interpreter\linkResolver.cpp, line 796]
Event: 29.574 Thread 0x0000024983b6e860 Exception <a 'java/lang/NoSuchMethodError'{0x00000000cb2dcc68}: 'java.lang.Object java.lang.invoke.DirectMethodHandle$Holder.invokeSpecial(java.lang.Object, java.lang.Object, java.lang.Object, java.lang.Object, java.lang.Object, java.lang.Object, java.lang.Object, java.lang.Object, int)'> (0x00000000cb2dcc68) 
thrown [s\src\hotspot\share\interpreter\linkResolver.cpp, line 796]
Event: 29.576 Thread 0x0000024983b6e860 Exception <a 'java/lang/NoSuchMethodError'{0x00000000cb2e1460}: 'java.lang.Object java.lang.invoke.Invokers$Holder.linkToTargetMethod(java.lang.Object, java.lang.Object, java.lang.Object, java.lang.Object, java.lang.Object, java.lang.Object, int, java.lang.Object)'> (0x00000000cb2e1460) 
thrown [s\src\hotspot\share\interpreter\linkResolver.cpp, line 796]
Event: 30.601 Thread 0x0000024983b6e860 Implicit null exception at 0x0000024937872f40 to 0x0000024937874aa8
Event: 30.626 Thread 0x0000024983b6e860 Exception <a 'java/lang/IncompatibleClassChangeError'{0x00000000cb889ae0}: Found class java.lang.Object, but interface was expected> (0x00000000cb889ae0) 
thrown [s\src\hotspot\share\interpreter\linkResolver.cpp, line 863]
Event: 30.804 Thread 0x0000024983b6e860 Exception <a 'java/lang/IncompatibleClassChangeError'{0x00000000cb688b90}: Found class java.lang.Object, but interface was expected> (0x00000000cb688b90) 
thrown [s\src\hotspot\share\interpreter\linkResolver.cpp, line 863]
Event: 31.367 Thread 0x0000024983b6e860 Exception <a 'java/lang/IncompatibleClassChangeError'{0x00000000cb09c3a8}: Found class java.lang.Object, but interface was expected> (0x00000000cb09c3a8) 
thrown [s\src\hotspot\share\interpreter\linkResolver.cpp, line 863]
Event: 31.678 Thread 0x0000024983b6e860 Exception <a 'java/lang/IncompatibleClassChangeError'{0x00000000cad74788}: Found class java.lang.Object, but interface was expected> (0x00000000cad74788) 
thrown [s\src\hotspot\share\interpreter\linkResolver.cpp, line 863]
Event: 31.687 Thread 0x0000024983b6e860 Exception <a 'java/lang/IncompatibleClassChangeError'{0x00000000cad7a068}: Found class java.lang.Object, but interface was expected> (0x00000000cad7a068) 
thrown [s\src\hotspot\share\interpreter\linkResolver.cpp, line 863]
Event: 32.025 Thread 0x0000024983b6e860 Exception <a 'java/lang/NoSuchMethodError'{0x00000000cbf22b30}: 'java.lang.Object java.lang.invoke.DirectMethodHandle$Holder.invokeStatic(java.lang.Object, int, java.lang.Object)'> (0x00000000cbf22b30) 
thrown [s\src\hotspot\share\interpreter\linkResolver.cpp, line 796]
Event: 32.950 Thread 0x0000024983b6e860 Exception <a 'java/lang/NoSuchMethodError'{0x00000000cb550940}: 'long java.lang.invoke.DirectMethodHandle$Holder.invokeVirtual(java.lang.Object, java.lang.Object)'> (0x00000000cb550940) 
thrown [s\src\hotspot\share\interpreter\linkResolver.cpp, line 796]
Event: 33.165 Thread 0x0000024983b6e860 Exception <a 'java/io/FileNotFoundException'{0x00000000cb578ab8}> (0x00000000cb578ab8) 
thrown [s\src\hotspot\share\prims\jni.cpp, line 520]
Event: 33.575 Thread 0x0000024983b6e860 Exception <a 'java/lang/NoSuchMethodError'{0x00000000cb469890}: 'void java.lang.invoke.DirectMethodHandle$Holder.invokeVirtual(java.lang.Object, java.lang.Object, long)'> (0x00000000cb469890) 
thrown [s\src\hotspot\share\interpreter\linkResolver.cpp, line 796]
Event: 33.806 Thread 0x0000024983b6e860 Exception <a 'java/lang/NoSuchMethodError'{0x00000000cb371c28}: 'void java.lang.invoke.Invokers$Holder.invokeExact_MT(java.lang.Object, java.lang.Object, java.lang.Object, java.lang.Object)'> (0x00000000cb371c28) 
thrown [s\src\hotspot\share\interpreter\linkResolver.cpp, line 796]
Event: 34.774 Thread 0x0000024983b6e860 Exception <a 'java/lang/NoSuchMethodError'{0x00000000caf83b28}: 'int java.lang.invoke.DirectMethodHandle$Holder.invokeStaticInit(java.lang.Object, int, java.lang.Object, java.lang.Object, java.lang.Object, java.lang.Object)'> (0x00000000caf83b28) 
thrown [s\src\hotspot\share\interpreter\linkResolver.cpp, line 796]
Event: 37.155 Thread 0x0000024983b6e860 Exception <a 'java/lang/NoSuchMethodError'{0x00000000cb218f90}: 'java.lang.Object java.lang.invoke.DirectMethodHandle$Holder.newInvokeSpecial(java.lang.Object, java.lang.Object, java.lang.Object, java.lang.Object, java.lang.Object, java.lang.Object, java.lang.Object, java.lang.Object)'> (0x00000000cb218f90) 
thrown [s\src\hotspot\share\interpreter\linkResolver.cpp, line 796]

VM Operations (20 events):
Event: 30.617 Executing VM operation: G1PauseCleanup
Event: 30.617 Executing VM operation: G1PauseCleanup done
Event: 31.410 Executing VM operation: HandshakeAllThreads (Deoptimize)
Event: 31.410 Executing VM operation: HandshakeAllThreads (Deoptimize) done
Event: 31.413 Executing VM operation: HandshakeAllThreads (Deoptimize)
Event: 31.413 Executing VM operation: HandshakeAllThreads (Deoptimize) done
Event: 31.961 Executing VM operation: G1CollectForAllocation (G1 Evacuation Pause)
Event: 31.970 Executing VM operation: G1CollectForAllocation (G1 Evacuation Pause) done
Event: 32.646 Executing VM operation: HandshakeAllThreads (Deoptimize)
Event: 32.646 Executing VM operation: HandshakeAllThreads (Deoptimize) done
Event: 33.202 Executing VM operation: HandshakeAllThreads (Deoptimize)
Event: 33.245 Executing VM operation: HandshakeAllThreads (Deoptimize) done
Event: 35.484 Executing VM operation: G1CollectForAllocation (G1 Evacuation Pause)
Event: 36.489 Executing VM operation: G1CollectForAllocation (G1 Evacuation Pause) done
Event: 37.872 Executing VM operation: G1CollectForAllocation (G1 Evacuation Pause)
Event: 37.879 Executing VM operation: G1CollectForAllocation (G1 Evacuation Pause) done
Event: 38.000 Executing VM operation: G1PauseRemark
Event: 38.015 Executing VM operation: G1PauseRemark done
Event: 38.057 Executing VM operation: G1PauseCleanup
Event: 38.066 Executing VM operation: G1PauseCleanup done

Memory protections (0 events):
No events

Nmethod flushes (20 events):
Event: 38.013 Thread 0x000002492bdee170 flushing  nmethod 0x000002492fe18f08
Event: 38.013 Thread 0x000002492bdee170 flushing  nmethod 0x000002492fe24d88
Event: 38.013 Thread 0x000002492bdee170 flushing  nmethod 0x000002492fe33108
Event: 38.013 Thread 0x000002492bdee170 flushing  nmethod 0x000002492fea8608
Event: 38.013 Thread 0x000002492bdee170 flushing  nmethod 0x000002492feac908
Event: 38.013 Thread 0x000002492bdee170 flushing  nmethod 0x000002492fee8c88
Event: 38.013 Thread 0x000002492bdee170 flushing  nmethod 0x000002492ff06b88
Event: 38.013 Thread 0x000002492bdee170 flushing  nmethod 0x000002492ff16788
Event: 38.013 Thread 0x000002492bdee170 flushing  nmethod 0x000002492ff54588
Event: 38.013 Thread 0x000002492bdee170 flushing  nmethod 0x000002492ff79608
Event: 38.013 Thread 0x000002492bdee170 flushing  nmethod 0x000002492ffc4088
Event: 38.013 Thread 0x000002492bdee170 flushing  nmethod 0x000002492ffd6708
Event: 38.013 Thread 0x000002492bdee170 flushing  nmethod 0x0000024930018b08
Event: 38.013 Thread 0x000002492bdee170 flushing  nmethod 0x0000024930019d08
Event: 38.013 Thread 0x000002492bdee170 flushing  nmethod 0x000002493001a008
Event: 38.013 Thread 0x000002492bdee170 flushing  nmethod 0x000002493001a688
Event: 38.013 Thread 0x000002492bdee170 flushing  nmethod 0x0000024930051e88
Event: 38.013 Thread 0x000002492bdee170 flushing  nmethod 0x00000249301d9b08
Event: 38.013 Thread 0x000002492bdee170 flushing  nmethod 0x0000024930352308
Event: 38.013 Thread 0x000002492bdee170 flushing  nmethod 0x0000024930352608

Events (20 events):
Event: 0.163 Thread 0x000002492bd2f300 Thread added: 0x000002498313aea0
Event: 0.163 Thread 0x000002492bd2f300 Thread added: 0x000002498313c910
Event: 0.164 Thread 0x000002492bd2f300 Thread added: 0x000002498313d370
Event: 0.164 Thread 0x000002492bd2f300 Thread added: 0x0000024983146c50
Event: 0.166 Thread 0x000002492bd2f300 Thread added: 0x000002498315e350
Event: 0.541 Thread 0x000002492bd2f300 Thread added: 0x00000249832abd10
Event: 0.554 Thread 0x000002492bd2f300 Thread added: 0x00000249832b7560
Event: 4.071 Thread 0x000002492bd2f300 Thread added: 0x0000024983b63c70
Event: 4.108 Thread 0x0000024983b63c70 Thread added: 0x0000024983b6e860
Event: 6.648 Thread 0x0000024983b6e860 Thread added: 0x0000024983e897c0
Event: 8.785 Thread 0x0000024983b6e860 Thread added: 0x0000024988b60c70
Event: 9.220 Thread 0x0000024988b60c70 Thread exited: 0x0000024988b60c70
Event: 9.902 Thread 0x0000024983e897c0 Thread exited: 0x0000024983e897c0
Event: 17.943 Thread 0x0000024983b6e860 Thread added: 0x000002498979c410
Event: 22.796 Thread 0x0000024983b6e860 Thread added: 0x000002498978baa0
Event: 22.909 Thread 0x000002498978baa0 Thread added: 0x0000024983c51680
Event: 29.006 Thread 0x0000024983c51680 Thread exited: 0x0000024983c51680
Event: 33.262 Thread 0x0000024983b6e860 Thread added: 0x0000024983c4e200
Event: 33.269 Thread 0x0000024983b6e860 Thread added: 0x0000024983c4fc40
Event: 33.280 Thread 0x0000024983b6e860 Thread added: 0x0000024983c502d0


Dynamic libraries:
0x00007ff6697d0000 - 0x00007ff6697de000 	C:\Users\Lenovo\.p2\pool\plugins\org.eclipse.justj.openjdk.hotspot.jre.full.win32.x86_64_23.0.1.v20241024-1700\jre\bin\javaw.exe
0x00007ffa4bd10000 - 0x00007ffa4befd000 	C:\Windows\SYSTEM32\ntdll.dll
0x00007ffa4ae50000 - 0x00007ffa4af03000 	C:\Windows\System32\KERNEL32.DLL
0x00007ffa48020000 - 0x00007ffa482b3000 	C:\Windows\System32\KERNELBASE.dll
0x00007ffa47ef0000 - 0x00007ffa47fec000 	C:\Windows\System32\ucrtbase.dll
0x00007ffa43d40000 - 0x00007ffa43d57000 	C:\Users\Lenovo\.p2\pool\plugins\org.eclipse.justj.openjdk.hotspot.jre.full.win32.x86_64_23.0.1.v20241024-1700\jre\bin\jli.dll
0x00007ffa49160000 - 0x00007ffa492f7000 	C:\Windows\System32\USER32.dll
0x00007ffa47e30000 - 0x00007ffa47e50000 	C:\Windows\System32\win32u.dll
0x00007ffa49330000 - 0x00007ffa49359000 	C:\Windows\System32\GDI32.dll
0x00007ffa48da0000 - 0x00007ffa48f3a000 	C:\Windows\System32\gdi32full.dll
0x00007ffa47e50000 - 0x00007ffa47ef0000 	C:\Windows\System32\msvcp_win.dll
0x00007ffa41b30000 - 0x00007ffa41b4e000 	C:\Users\Lenovo\.p2\pool\plugins\org.eclipse.justj.openjdk.hotspot.jre.full.win32.x86_64_23.0.1.v20241024-1700\jre\bin\VCRUNTIME140.dll
0x00007ffa3a010000 - 0x00007ffa3a289000 	C:\Windows\WinSxS\amd64_microsoft.windows.common-controls_6595b64144ccf1df_6.0.17763.107_none_05b63884071e656e\COMCTL32.dll
0x00007ffa4b750000 - 0x00007ffa4b7ee000 	C:\Windows\System32\msvcrt.dll
0x00007ffa49360000 - 0x00007ffa4968e000 	C:\Windows\System32\combase.dll
0x00007ffa4abf0000 - 0x00007ffa4ad13000 	C:\Windows\System32\RPCRT4.dll
0x00007ffa484c0000 - 0x00007ffa4853e000 	C:\Windows\System32\bcryptPrimitives.dll
0x00007ffa49300000 - 0x00007ffa4932e000 	C:\Windows\System32\IMM32.DLL
0x00007ffa406d0000 - 0x00007ffa406dc000 	C:\Users\Lenovo\.p2\pool\plugins\org.eclipse.justj.openjdk.hotspot.jre.full.win32.x86_64_23.0.1.v20241024-1700\jre\bin\vcruntime140_1.dll
0x00007ffa371d0000 - 0x00007ffa3725d000 	C:\Users\Lenovo\.p2\pool\plugins\org.eclipse.justj.openjdk.hotspot.jre.full.win32.x86_64_23.0.1.v20241024-1700\jre\bin\msvcp140.dll
0x00007ffa16be0000 - 0x00007ffa179ad000 	C:\Users\Lenovo\.p2\pool\plugins\org.eclipse.justj.openjdk.hotspot.jre.full.win32.x86_64_23.0.1.v20241024-1700\jre\bin\server\jvm.dll
0x00007ffa4b6a0000 - 0x00007ffa4b743000 	C:\Windows\System32\ADVAPI32.dll
0x00007ffa4b140000 - 0x00007ffa4b1de000 	C:\Windows\System32\sechost.dll
0x00007ffa47d30000 - 0x00007ffa47d8d000 	C:\Windows\System32\POWRPROF.dll
0x00007ffa4af90000 - 0x00007ffa4affd000 	C:\Windows\System32\WS2_32.dll
0x00007ffa45ef0000 - 0x00007ffa45f14000 	C:\Windows\SYSTEM32\WINMM.dll
0x00007ffa426b0000 - 0x00007ffa426ba000 	C:\Windows\SYSTEM32\VERSION.dll
0x00007ffa45ec0000 - 0x00007ffa45eed000 	C:\Windows\SYSTEM32\WINMMBASE.dll
0x00007ffa47de0000 - 0x00007ffa47e2a000 	C:\Windows\System32\cfgmgr32.dll
0x00007ffa47d10000 - 0x00007ffa47d21000 	C:\Windows\System32\kernel.appcore.dll
0x00007ffa3dba0000 - 0x00007ffa3dbaa000 	C:\Users\Lenovo\.p2\pool\plugins\org.eclipse.justj.openjdk.hotspot.jre.full.win32.x86_64_23.0.1.v20241024-1700\jre\bin\jimage.dll
0x00007ffa3a2a0000 - 0x00007ffa3a48d000 	C:\Windows\SYSTEM32\DBGHELP.DLL
0x00007ffa39d30000 - 0x00007ffa39d5a000 	C:\Windows\SYSTEM32\dbgcore.DLL
0x00007ffa379a0000 - 0x00007ffa379be000 	C:\Users\Lenovo\.p2\pool\plugins\org.eclipse.justj.openjdk.hotspot.jre.full.win32.x86_64_23.0.1.v20241024-1700\jre\bin\java.dll
0x00007ffa4b1e0000 - 0x00007ffa4b335000 	C:\Windows\System32\ole32.dll
0x00007ffa496a0000 - 0x00007ffa4ab8f000 	C:\Windows\System32\SHELL32.dll
0x00007ffa48f40000 - 0x00007ffa48fe8000 	C:\Windows\System32\shcore.dll
0x00007ffa48540000 - 0x00007ffa48c88000 	C:\Windows\System32\windows.storage.dll
0x00007ffa47d90000 - 0x00007ffa47db4000 	C:\Windows\System32\profapi.dll
0x00007ffa4ab90000 - 0x00007ffa4abe2000 	C:\Windows\System32\shlwapi.dll
0x00007ffa484a0000 - 0x00007ffa484b7000 	C:\Windows\System32\cryptsp.dll
0x00007ffa372a0000 - 0x00007ffa372b7000 	C:\Users\Lenovo\.p2\pool\plugins\org.eclipse.justj.openjdk.hotspot.jre.full.win32.x86_64_23.0.1.v20241024-1700\jre\bin\zip.dll
0x00007ffa39d80000 - 0x00007ffa39d90000 	C:\Users\Lenovo\.p2\pool\plugins\org.eclipse.justj.openjdk.hotspot.jre.full.win32.x86_64_23.0.1.v20241024-1700\jre\bin\net.dll
0x00007ffa47540000 - 0x00007ffa475a7000 	C:\Windows\system32\mswsock.dll
0x00007ffa36ec0000 - 0x00007ffa36ed6000 	C:\Users\Lenovo\.p2\pool\plugins\org.eclipse.justj.openjdk.hotspot.jre.full.win32.x86_64_23.0.1.v20241024-1700\jre\bin\nio.dll
0x00007ffa406c0000 - 0x00007ffa406ca000 	C:\Users\Lenovo\.p2\pool\plugins\org.eclipse.justj.openjdk.hotspot.jre.full.win32.x86_64_23.0.1.v20241024-1700\jre\bin\management.dll
0x00007ffa406b0000 - 0x00007ffa406bb000 	C:\Users\Lenovo\.p2\pool\plugins\org.eclipse.justj.openjdk.hotspot.jre.full.win32.x86_64_23.0.1.v20241024-1700\jre\bin\management_ext.dll
0x00007ffa4b130000 - 0x00007ffa4b138000 	C:\Windows\System32\PSAPI.DLL
0x00007ffa353e0000 - 0x00007ffa353ee000 	C:\Users\Lenovo\.p2\pool\plugins\org.eclipse.justj.openjdk.hotspot.jre.full.win32.x86_64_23.0.1.v20241024-1700\jre\bin\sunmscapi.dll
0x00007ffa482c0000 - 0x00007ffa4849b000 	C:\Windows\System32\CRYPT32.dll
0x00007ffa47dc0000 - 0x00007ffa47dd2000 	C:\Windows\System32\MSASN1.dll
0x00007ffa47800000 - 0x00007ffa47826000 	C:\Windows\SYSTEM32\ncrypt.dll
0x00007ffa47ff0000 - 0x00007ffa48016000 	C:\Windows\System32\bcrypt.dll
0x00007ffa477c0000 - 0x00007ffa477fc000 	C:\Windows\SYSTEM32\NTASN1.dll
0x00007ffa47100000 - 0x00007ffa47133000 	C:\Windows\system32\rsaenh.dll
0x00007ffa47c40000 - 0x00007ffa47c68000 	C:\Windows\SYSTEM32\USERENV.dll
0x00007ffa47710000 - 0x00007ffa4771c000 	C:\Windows\SYSTEM32\CRYPTBASE.dll
0x00007ffa472a0000 - 0x00007ffa472dd000 	C:\Windows\SYSTEM32\IPHLPAPI.DLL
0x00007ffa4b7f0000 - 0x00007ffa4b7f8000 	C:\Windows\System32\NSI.dll
0x00007ffa36140000 - 0x00007ffa36150000 	C:\Users\Lenovo\.p2\pool\plugins\org.eclipse.justj.openjdk.hotspot.jre.full.win32.x86_64_23.0.1.v20241024-1700\jre\bin\verify.dll
0x00007ffa472e0000 - 0x00007ffa473a6000 	C:\Windows\SYSTEM32\DNSAPI.dll
0x00007ffa3b780000 - 0x00007ffa3b78a000 	C:\Windows\System32\rasadhlp.dll
0x00007ffa3bc10000 - 0x00007ffa3bc89000 	C:\Windows\System32\fwpuclnt.dll
0x00007ffa33af0000 - 0x00007ffa33af9000 	C:\Users\Lenovo\.p2\pool\plugins\org.eclipse.justj.openjdk.hotspot.jre.full.win32.x86_64_23.0.1.v20241024-1700\jre\bin\extnet.dll

dbghelp: loaded successfully - version: 4.0.5 - missing functions: none
symbol engine: initialized successfully - sym options: 0x614 - pdb path: .;C:\Users\Lenovo\.p2\pool\plugins\org.eclipse.justj.openjdk.hotspot.jre.full.win32.x86_64_23.0.1.v20241024-1700\jre\bin;C:\Windows\SYSTEM32;C:\Windows\WinSxS\amd64_microsoft.windows.common-controls_6595b64144ccf1df_6.0.17763.107_none_05b63884071e656e;C:\Users\Lenovo\.p2\pool\plugins\org.eclipse.justj.openjdk.hotspot.jre.full.win32.x86_64_23.0.1.v20241024-1700\jre\bin\server

VM Arguments:
jvm_args: -Dfile.encoding=UTF-8 -Dstdout.encoding=UTF-8 -Dstderr.encoding=UTF-8 -XX:+ShowCodeDetailsInExceptionMessages 
java_command: com.example.jobportal.JobportalApplication
java_class_path (initial): C:\Users\Lenovo\Downloads\jobportal\target\classes;C:\Users\Lenovo\.m2\repository\org\springframework\boot\spring-boot-starter-web\3.5.0\spring-boot-starter-web-3.5.0.jar;C:\Users\Lenovo\.m2\repository\org\springframework\boot\spring-boot-starter\3.5.0\spring-boot-starter-3.5.0.jar;C:\Users\Lenovo\.m2\repository\org\springframework\boot\spring-boot-starter-logging\3.5.0\spring-boot-starter-logging-3.5.0.jar;C:\Users\Lenovo\.m2\repository\ch\qos\logback\logback-classic\1.5.18\logback-classic-1.5.18.jar;C:\Users\Lenovo\.m2\repository\ch\qos\logback\logback-core\1.5.18\logback-core-1.5.18.jar;C:\Users\Lenovo\.m2\repository\org\apache\logging\log4j\log4j-to-slf4j\2.24.3\log4j-to-slf4j-2.24.3.jar;C:\Users\Lenovo\.m2\repository\org\apache\logging\log4j\log4j-api\2.24.3\log4j-api-2.24.3.jar;C:\Users\Lenovo\.m2\repository\org\slf4j\jul-to-slf4j\2.0.17\jul-to-slf4j-2.0.17.jar;C:\Users\Lenovo\.m2\repository\jakarta\annotation\jakarta.annotation-api\2.1.1\jakarta.annotation-api-2.1.1.jar;C:\Users\Lenovo\.m2\repository\org\yaml\snakeyaml\2.4\snakeyaml-2.4.jar;C:\Users\Lenovo\.m2\repository\org\springframework\boot\spring-boot-starter-json\3.5.0\spring-boot-starter-json-3.5.0.jar;C:\Users\Lenovo\.m2\repository\com\fasterxml\jackson\datatype\jackson-datatype-jdk8\2.19.0\jackson-datatype-jdk8-2.19.0.jar;C:\Users\Lenovo\.m2\repository\com\fasterxml\jackson\datatype\jackson-datatype-jsr310\2.19.0\jackson-datatype-jsr310-2.19.0.jar;C:\Users\Lenovo\.m2\repository\com\fasterxml\jackson\module\jackson-module-parameter-names\2.19.0\jackson-module-parameter-names-2.19.0.jar;C:\Users\Lenovo\.m2\repository\org\springframework\boot\spring-boot-starter-tomcat\3.5.0\spring-boot-starter-tomcat-3.5.0.jar;C:\Users\Lenovo\.m2\repository\org\apache\tomcat\embed\tomcat-embed-core\10.1.41\tomcat-embed-core-10.1.41.jar;C:\Users\Lenovo\.m2\repository\org\apache\tomcat\embed\tomcat-embed-websocket\10.1.41\tomcat-embed-websocket-10.1.41.jar;C:\Users\Lenovo\.m2\repository\org\springframework\spring-web\6.2.7\spring-web-6.2.7.jar;C:\Users\Lenovo\.m2\repository\org\springframework\spring-beans\6.2.7\spring-beans-6.2.7.jar;C:\Users\Lenovo\.m2\repository\io\micrometer\micrometer-observation\1.15.0\micrometer-observation-1.15.0.jar;C:\Users\Lenovo\.m2\repository\io\micrometer\micrometer-commons\1.15.0\micrometer-commons-1.15.0.jar;C:\Users\Lenovo\.m2\repository\org\springframework\spring-webmvc\6.2.7\spring-webmvc-6.2.7.jar;C:\Users\Lenovo\.m2\repository\org\springframework\spring-context\6.2.7\spring-context-6.2.7.jar;C:\Users\Lenovo\.m2\repository\org\springframework\spring-expression\6.2.7\spring-expression-6.2.7.jar;C:\Users\Lenovo\.m2\repository\org\slf4j\slf4j-api\2.0.17\slf4j-api-2.0.17.jar;C:\Users\Lenovo\.m2\repository\jakarta\xml\bind\jakarta.xml.bind-api\4.0.2\jakarta.xml.bind-api-4.0.2.jar;C:\Users\Lenovo\.m2\repository\jakarta\activation\jakarta.activation-api\2.1.3\jakarta.activation-api-2.1.3.jar;C:\Users\Lenovo\.m2\repository\net\bytebuddy\byte-buddy\1.17.5\byte-buddy-1.17.5.jar;C:\Users\Lenovo\.m2\repository\org\springframework\spring-core\6.2.7\spring-core-6.2.7.jar;C:\Users\Lenovo\.m2\repository\org\springframework\spring-jcl\6.2.7\spring-jcl-6.2.7.jar;C:\Users\Lenovo\.m2\repository\org\springframework\boot\spring-boot-starter-data-jpa\3.5.0\spring-boot-starter-data-jpa-3.5.0.jar;C:\Users\Lenovo\.m2\repository\org\springframework\boot\spring-boot-starter-jdbc\3.5.0\spring-boot-starter-jdbc-3.5.0.jar;C:\Users\Lenovo\.m2\repository\com\zaxxer\HikariCP\6.3.0\HikariCP-6.3.0.jar;C:\Users\Lenovo\.m2\repository\org\springframework\spring-jdbc\6.2.7\spring-jdbc-6.2.7.jar;C:\Users\Lenovo\.m2\repository\org\hibernate\orm\hibernate-core\6.6.15.Final\hibernate-core-6.6.15.Final.jar;C:\Users\Lenovo\.m2\repository\jakarta\persistence\jakarta.persistence-api\3.1.0\jakarta.persistence-api-3.1.0.jar;C:\Users\Lenovo\.m2\repository\jakarta\transaction\jakarta.transaction-api\2.0.1\jakarta.transaction-api-2.0.1.jar;C:\Users\Lenovo\.m2\repository\org\jboss\logging\jboss-logging\3.6.1.Final\jboss-logging-3.6.1.Final.jar;C:\Users\Lenovo\.m2\repository\org\hibernate\common\hibernate-commons-annotations\7.0.3.Final\hibernate-commons-annotations-7.0.3.Final.jar;C:\Users\Lenovo\.m2\repository\io\smallrye\jandex\3.2.0\jandex-3.2.0.jar;C:\Users\Lenovo\.m2\repository\com\fasterxml\classmate\1.7.0\classmate-1.7.0.jar;C:\Users\Lenovo\.m2\repository\org\glassfish\jaxb\jaxb-runtime\4.0.5\jaxb-runtime-4.0.5.jar;C:\Users\Lenovo\.m2\repository\org\glassfish\jaxb\jaxb-core\4.0.5\jaxb-core-4.0.5.jar;C:\Users\Lenovo\.m2\repository\org\eclipse\angus\angus-activation\2.0.2\angus-activation-2.0.2.jar;C:\Users\Lenovo\.m2\repository\org\glassfish\jaxb\txw2\4.0.5\txw2-4.0.5.jar;C:\Users\Lenovo\.m2\repository\com\sun\istack\istack-commons-runtime\4.1.2\istack-commons-runtime-4.1.2.jar;C:\Users\Lenovo\.m2\repository\jakarta\inject\jakarta.inject-api\2.0.1\jakarta.inject-api-2.0.1.jar;C:\Users\Lenovo\.m2\repository\org\antlr\antlr4-runtime\4.13.0\antlr4-runtime-4.13.0.jar;C:\Users\Lenovo\.m2\repository\org\springframework\data\spring-data-jpa\3.5.0\spring-data-jpa-3.5.0.jar;C:\Users\Lenovo\.m2\repository\org\springframework\data\spring-data-commons\3.5.0\spring-data-commons-3.5.0.jar;C:\Users\Lenovo\.m2\repository\org\springframework\spring-orm\6.2.7\spring-orm-6.2.7.jar;C:\Users\Lenovo\.m2\repository\org\springframework\spring-tx\6.2.7\spring-tx-6.2.7.jar;C:\Users\Lenovo\.m2\repository\org\springframework\spring-aspects\6.2.7\spring-aspects-6.2.7.jar;C:\Users\Lenovo\.m2\repository\org\aspectj\aspectjweaver\1.9.24\aspectjweaver-1.9.24.jar;C:\Users\Lenovo\.m2\repository\org\springframework\boot\spring-boot-starter-security\3.5.0\spring-boot-starter-security-3.5.0.jar;C:\Users\Lenovo\.m2\repository\org\springframework\spring-aop\6.2.7\spring-aop-6.2.7.jar;C:\Users\Lenovo\.m2\repository\org\springframework\security\spring-security-config\6.5.0\spring-security-config-6.5.0.jar;C:\Users\Lenovo\.m2\repository\org\springframework\security\spring-security-core\6.5.0\spring-security-core-6.5.0.jar;C:\Users\Lenovo\.m2\repository\org\springframework\security\spring-security-crypto\6.5.0\spring-security-crypto-6.5.0.jar;C:\Users\Lenovo\.m2\repository\org\springframework\security\spring-security-web\6.5.0\spring-security-web-6.5.0.jar;C:\Users\Lenovo\.m2\repository\com\mysql\mysql-connector-j\9.2.0\mysql-connector-j-9.2.0.jar;C:\Users\Lenovo\.m2\repository\org\springframework\boot\spring-boot-starter-validation\3.5.0\spring-boot-starter-validation-3.5.0.jar;C:\Users\Lenovo\.m2\repository\org\apache\tomcat\embed\tomcat-embed-el\10.1.41\tomcat-embed-el-10.1.41.jar;C:\Users\Lenovo\.m2\repository\org\hibernate\validator\hibernate-validator\8.0.2.Final\hibernate-validator-8.0.2.Final.jar;C:\Users\Lenovo\.m2\repository\jakarta\validation\jakarta.validation-api\3.0.2\jakarta.validation-api-3.0.2.jar;C:\Users\Lenovo\.m2\repository\org\springframework\boot\spring-boot-devtools\3.5.0\spring-boot-devtools-3.5.0.jar;C:\Users\Lenovo\.m2\repository\org\springframework\boot\spring-boot\3.5.0\spring-boot-3.5.0.jar;C:\Users\Lenovo\.m2\repository\org\springframework\boot\spring-boot-autoconfigure\3.5.0\spring-boot-autoconfigure-3.5.0.jar;C:\Users\Lenovo\.m2\repository\io\jsonwebtoken\jjwt-api\0.12.5\jjwt-api-0.12.5.jar;C:\Users\Lenovo\.m2\repository\io\jsonwebtoken\jjwt-impl\0.12.5\jjwt-impl-0.12.5.jar;C:\Users\Lenovo\.m2\repository\io\jsonwebtoken\jjwt-jackson\0.12.5\jjwt-jackson-0.12.5.jar;C:\Users\Lenovo\.m2\repository\com\fasterxml\jackson\core\jackson-databind\2.19.0\jackson-databind-2.19.0.jar;C:\Users\Lenovo\.m2\repository\com\fasterxml\jackson\core\jackson-annotations\2.19.0\jackson-annotations-2.19.0.jar;C:\Users\Lenovo\.m2\repository\com\fasterxml\jackson\core\jackson-core\2.19.0\jackson-core-2.19.0.jar;C:\Users\Lenovo\.m2\repository\org\springdoc\springdoc-openapi-starter-webmvc-ui\2.8.8\springdoc-openapi-starter-webmvc-ui-2.8.8.jar;C:\Users\Lenovo\.m2\repository\org\springdoc\springdoc-openapi-starter-webmvc-api\2.8.8\springdoc-openapi-starter-webmvc-api-2.8.8.jar;C:\Users\Lenovo\.m2\repository\org\springdoc\springdoc-openapi-starter-common\2.8.8\springdoc-openapi-starter-common-2.8.8.jar;C:\Users\Lenovo\.m2\repository\io\swagger\core\v3\swagger-core-jakarta\2.2.30\swagger-core-jakarta-2.2.30.jar;C:\Users\Lenovo\.m2\repository\org\apache\commons\commons-lang3\3.17.0\commons-lang3-3.17.0.jar;C:\Users\Lenovo\.m2\repository\io\swagger\core\v3\swagger-annotations-jakarta\2.2.30\swagger-annotations-jakarta-2.2.30.jar;C:\Users\Lenovo\.m2\repository\io\swagger\core\v3\swagger-models-jakarta\2.2.30\swagger-models-jakarta-2.2.30.jar;C:\Users\Lenovo\.m2\repository\com\fasterxml\jackson\dataformat\jackson-dataformat-yaml\2.19.0\jackson-dataformat-yaml-2.19.0.jar;C:\Users\Lenovo\.m2\repository\org\webjars\swagger-ui\5.21.0\swagger-ui-5.21.0.jar;C:\Users\Lenovo\.m2\repository\org\webjars\webjars-locator-lite\1.1.0\webjars-locator-lite-1.1.0.jar;C:\Users\Lenovo\.m2\repository\org\jspecify\jspecify\1.0.0\jspecify-1.0.0.jar
Launcher Type: SUN_STANDARD

[Global flags]
     intx CICompilerCount                          = 3                                         {product} {ergonomic}
     uint ConcGCThreads                            = 1                                         {product} {ergonomic}
     uint G1ConcRefinementThreads                  = 4                                         {product} {ergonomic}
   size_t G1HeapRegionSize                         = 1048576                                   {product} {ergonomic}
   size_t InitialHeapSize                          = 58720256                                  {product} {ergonomic}
   size_t MarkStackSize                            = 4194304                                   {product} {ergonomic}
   size_t MarkStackSizeMax                         = 536870912                                 {product} {ergonomic}
   size_t MaxHeapSize                              = 931135488                                 {product} {ergonomic}
   size_t MaxNewSize                               = 557842432                                 {product} {ergonomic}
   size_t MinHeapDeltaBytes                        = 1048576                                   {product} {ergonomic}
   size_t MinHeapSize                              = 8388608                                   {product} {ergonomic}
    uintx NonNMethodCodeHeapSize                   = 5832704                                {pd product} {ergonomic}
    uintx NonProfiledCodeHeapSize                  = 122945536                              {pd product} {ergonomic}
    uintx ProfiledCodeHeapSize                     = 122880000                              {pd product} {ergonomic}
    uintx ReservedCodeCacheSize                    = 251658240                              {pd product} {ergonomic}
     bool SegmentedCodeCache                       = true                                      {product} {ergonomic}
     bool ShowCodeDetailsInExceptionMessages       = true                                   {manageable} {command line}
   size_t SoftMaxHeapSize                          = 931135488                              {manageable} {ergonomic}
     bool UseCompressedOops                        = true                           {product lp64_product} {ergonomic}
     bool UseG1GC                                  = true                                      {product} {ergonomic}
     bool UseLargePagesIndividualAllocation        = false                                  {pd product} {ergonomic}

Logging:
Log output configuration:
 #0: stdout all=warning uptime,level,tags foldmultilines=false
 #1: stderr all=off uptime,level,tags foldmultilines=false

Environment Variables:
PATH=C:/Users/Lenovo/.p2/pool/plugins/org.eclipse.justj.openjdk.hotspot.jre.full.win32.x86_64_23.0.1.v20241024-1700/jre/bin/server;C:/Users/Lenovo/.p2/pool/plugins/org.eclipse.justj.openjdk.hotspot.jre.full.win32.x86_64_23.0.1.v20241024-1700/jre/bin;C:\Program Files (x86)\Common Files\Oracle\Java\java8path;C:\Program Files (x86)\Common Files\Oracle\Java\javapath;C:\Windows\system32;C:\Windows;C:\Windows\System32\Wbem;C:\Windows\System32\WindowsPowerShell\v1.0\;C:\Windows\System32\OpenSSH\;C:\Program Files\MySQL\MySQL Server 8.0\bin;C:\Program Files\nodejs\;C:\Program Files\Git\cmd;C:\Program Files\MySQL\MySQL Shell 8.0\bin\;C:\Users\Lenovo\AppData\Local\Microsoft\WindowsApps;C:\Users\Lenovo\AppData\Local\Programs\Microsoft VS Code\bin;C:\Users\Lenovo\AppData\Local\GitHubDesktop\bin;C:\Users\Lenovo\AppData\Roaming\npm;C:\Users\Lenovo\eclipse\jee-2024-09\eclipse;
USERNAME=Lenovo
OS=Windows_NT
PROCESSOR_IDENTIFIER=AMD64 Family 22 Model 48 Stepping 1, AuthenticAMD
TMP=C:\Users\Lenovo\AppData\Local\Temp
TEMP=C:\Users\Lenovo\AppData\Local\Temp




Periodic native trim disabled

---------------  S Y S T E M  ---------------

OS:
 Windows 10 , 64 bit Build 17763 (10.0.17763.1)
OS uptime: 2 days 11:05 hours

CPU: total 4 (initial active 4) (4 cores per cpu, 1 threads per core) family 22 model 48 stepping 1 microcode 0x0, cx8, cmov, fxsr, mmx, 3dnowpref, sse, sse2, sse3, ssse3, sse4a, sse4.1, sse4.2, popcnt, lzcnt, tsc, tscinvbit, avx, aes, clmul, bmi1, vzeroupper, clflush, rdtscp, f16c
Processor Information for the first 4 processors :
  Max Mhz: 2000, Current Mhz: 2000, Mhz Limit: 2000

Memory: 4k page, system-wide physical 3548M (217M free)
TotalPageFile size 14300M (AvailPageFile size 4M)
current process WorkingSet (physical memory assigned to process): 247M, peak: 250M
current process commit charge ("private bytes"): 271M, peak: 275M

vm_info: OpenJDK 64-Bit Server VM (23.0.1+11) for windows-amd64 JRE (23.0.1+11), built on 2024-10-15T00:00:00Z with MS VC++ 17.7 (VS2022)

END.
